Resolving dependencies...
Downloading packages...
  flutter_markdown 0.7.7+1 (discontinued replaced by flutter_markdown_plus)
  matcher 0.12.18 (0.12.19 available)
  meta 1.17.0 (1.18.1 available)
  test_api 0.7.9 (0.7.10 available)
Got dependencies!
1 package is discontinued.
3 packages have newer versions incompatible with dependency constraints.
Try `flutter pub outdated` for more information.
Running Gradle task 'bundleRelease'...                          

FAILURE: Build failed with an exception.

* Where:
Build file 'C:\tutodecode_flutter\android\app\build.gradle.kts' line: 4

* What went wrong:
An exception occurred applying plugin request [id: 'com.android.application']
> Failed to apply plugin 'com.android.internal.application'.
   > The option 'android.bundle.enableUncompressedNativeLibs' is deprecated.
     The current default is 'true'.
     It was removed in version 8.1 of the Android Gradle plugin.

* Try:
> Run with --stacktrace option to get the stack trace.
> Run with --info or --debug option to get more log output.
> Run with --scan to get full insights.
> Get more help at https://help.gradle.org.

BUILD FAILED in 2s
Running Gradle task 'bundleRelease'...                           2 623ms
Gradle task bundleRelease failed with exit code 1
